


ARM Macro Assembler    Page 1 


    1 00000000         ;*******************************************************
                       *********************** 
    2 00000000         ;* @file    startup_py32f030xx.s
    3 00000000         ;* @author  MCU Application Team
    4 00000000         ;* @brief   PY32F030xx devices vector table for MDK-ARM 
                       toolchain.
    5 00000000         ;*          This module performs:
    6 00000000         ;*          - Set the initial SP
    7 00000000         ;*          - Set the initial PC == Reset_Handler
    8 00000000         ;*          - Set the vector table entries with the exce
                       ptions ISR address
    9 00000000         ;*          - Branches to __main in the C library (which
                        eventually
   10 00000000         ;*            calls main()).
   11 00000000         ;*          After Reset the CortexM0+ processor is in Th
                       read mode,
   12 00000000         ;*          priority is Privileged, and the Stack is set
                        to Main.
   13 00000000         ;*******************************************************
                       *********************** 
   14 00000000         ;* @attention
   15 00000000         ;*
   16 00000000         ;* <h2><center>&copy; Copyright (c) Puya Semiconductor C
                       o.
   17 00000000         ;* All rights reserved.</center></h2>
   18 00000000         ;*
   19 00000000         ;* <h2><center>&copy; Copyright (c) 2016 STMicroelectron
                       ics.
   20 00000000         ;* All rights reserved.</center></h2>
   21 00000000         ;*
   22 00000000         ;* This software component is licensed by ST under BSD 3
                       -Clause license,
   23 00000000         ;* the "License"; You may not use this file except in co
                       mpliance with the
   24 00000000         ;* License. You may obtain a copy of the License at:
   25 00000000         ;*                        opensource.org/licenses/BSD-3-
                       Clause
   26 00000000         ;*
   27 00000000         ;*******************************************************
                       *********************** 
   28 00000000         ;* <<< Use Configuration Wizard in Context Menu >>>
   29 00000000         
   30 00000000         ; Amount of memory (in bytes) allocated for Stack
   31 00000000         ; Tailor this value to your application needs
   32 00000000         ; <h> Stack Configuration
   33 00000000         ;   <o> Stack Size (in Bytes) <0x0-0xFFFFFFFF:8>
   34 00000000         ; </h>
   35 00000000         
   36 00000000 00000400 
                       Stack_Size
                               EQU              0x00000400
   37 00000000         
   38 00000000                 AREA             STACK, NOINIT, READWRITE, ALIGN
=3
   39 00000000         Stack_Mem
                               SPACE            Stack_Size
   40 00000400         __initial_sp
   41 00000400         
   42 00000400         



ARM Macro Assembler    Page 2 


   43 00000400         ; <h> Heap Configuration
   44 00000400         ;   <o>  Heap Size (in Bytes) <0x0-0xFFFFFFFF:8>
   45 00000400         ; </h>
   46 00000400         
   47 00000400 00000000 
                       Heap_Size
                               EQU              0x00000000
   48 00000400         
   49 00000400                 AREA             HEAP, NOINIT, READWRITE, ALIGN=
3
   50 00000000         __heap_base
   51 00000000         Heap_Mem
                               SPACE            Heap_Size
   52 00000000         __heap_limit
   53 00000000         
   54 00000000         
   55 00000000                 PRESERVE8
   56 00000000                 THUMB
   57 00000000         
   58 00000000         
   59 00000000         ; Vector Table Mapped to Address 0 at Reset
   60 00000000                 AREA             RESET, DATA, READONLY
   61 00000000                 EXPORT           __Vectors
   62 00000000                 EXPORT           __Vectors_End
   63 00000000                 EXPORT           __Vectors_Size
   64 00000000         
   65 00000000 00000000 
                       __Vectors
                               DCD              __initial_sp ; Top of Stack
   66 00000004 00000000        DCD              Reset_Handler ; Reset Handler
   67 00000008 00000000        DCD              NMI_Handler ; NMI Handler
   68 0000000C 00000000        DCD              HardFault_Handler ; Hard Fault 
                                                            Handler
   69 00000010 00000000        DCD              0           ; Reserved
   70 00000014 00000000        DCD              0           ; Reserved
   71 00000018 00000000        DCD              0           ; Reserved
   72 0000001C 00000000        DCD              0           ; Reserved
   73 00000020 00000000        DCD              0           ; Reserved
   74 00000024 00000000        DCD              0           ; Reserved
   75 00000028 00000000        DCD              0           ; Reserved
   76 0000002C 00000000        DCD              SVC_Handler ; SVCall Handler
   77 00000030 00000000        DCD              0           ; Reserved
   78 00000034 00000000        DCD              0           ; Reserved
   79 00000038 00000000        DCD              PendSV_Handler ; PendSV Handler
                                                            
   80 0000003C 00000000        DCD              SysTick_Handler 
                                                            ; SysTick Handler
   81 00000040         
   82 00000040         __Vectors_End
   83 00000040         
   84 00000040 00000040 
                       __Vectors_Size
                               EQU              __Vectors_End - __Vectors
   85 00000040         
   86 00000040                 AREA             |.text|, CODE, READONLY
   87 00000000         
   88 00000000         
   89 00000000         ; Reset Handler
   90 00000000         



ARM Macro Assembler    Page 3 


   91 00000000         Reset_Handler
                               PROC
   92 00000000                 EXPORT           Reset_Handler             [WEAK
]
   93 00000000         ; IMPORT  SystemInit
   94 00000000                 IMPORT           main
   95 00000000         ; LDR     R0, =SystemInit
   96 00000000         ; BLX     R0
   97 00000000 4803            LDR              R0, =main
   98 00000002 4700            BX               R0
   99 00000004                 ENDP
  100 00000004         
  101 00000004         
  102 00000004         ; Dummy Exception Handlers (infinite loops which can be 
                       modified)
  103 00000004         
  104 00000004         NMI_Handler
                               PROC
  105 00000004                 EXPORT           NMI_Handler               [WEAK
]
  106 00000004 E7FE            B                .
  107 00000006                 ENDP
  109 00000006         HardFault_Handler
                               PROC
  110 00000006                 EXPORT           HardFault_Handler         [WEAK
]
  111 00000006 E7FE            B                .
  112 00000008                 ENDP
  113 00000008         SVC_Handler
                               PROC
  114 00000008                 EXPORT           SVC_Handler               [WEAK
]
  115 00000008 E7FE            B                .
  116 0000000A                 ENDP
  117 0000000A         PendSV_Handler
                               PROC
  118 0000000A                 EXPORT           PendSV_Handler            [WEAK
]
  119 0000000A E7FE            B                .
  120 0000000C                 ENDP
  121 0000000C         SysTick_Handler
                               PROC
  122 0000000C                 EXPORT           SysTick_Handler           [WEAK
]
  123 0000000C E7FE            B                .
  124 0000000E                 ENDP
  125 0000000E         
  126 0000000E         
  127 0000000E         ;************************ (C) COPYRIGHT Puya *****END OF
                        FILE*******************
                       
              00 00 00000000 
Command Line: --debug --xref --diag_suppress=9931 --cpu=Cortex-M0+ --apcs=inter
work --depend=..\build\startup_py32f030xx.d -o..\build\startup_py32f030xx.o -IE
:\keil_v5\Arm\Packs\Puya\PY32F0xx_DFP\1.1.7\Device\Include --predefine="__UVISI
ON_VERSION SETA 538" --list=.\listings\startup_py32f030xx.lst ..\startup_py32f0
30xx.s



ARM Macro Assembler    Page 1 Alphabetic symbol ordering
Relocatable symbols

STACK 00000000

Symbol: STACK
   Definitions
      At line 38 in file ..\startup_py32f030xx.s
   Uses
      None
Comment: STACK unused
Stack_Mem 00000000

Symbol: Stack_Mem
   Definitions
      At line 39 in file ..\startup_py32f030xx.s
   Uses
      None
Comment: Stack_Mem unused
__initial_sp 00000400

Symbol: __initial_sp
   Definitions
      At line 40 in file ..\startup_py32f030xx.s
   Uses
      At line 65 in file ..\startup_py32f030xx.s
Comment: __initial_sp used once
3 symbols



ARM Macro Assembler    Page 1 Alphabetic symbol ordering
Relocatable symbols

HEAP 00000000

Symbol: HEAP
   Definitions
      At line 49 in file ..\startup_py32f030xx.s
   Uses
      None
Comment: HEAP unused
Heap_Mem 00000000

Symbol: Heap_Mem
   Definitions
      At line 51 in file ..\startup_py32f030xx.s
   Uses
      None
Comment: Heap_Mem unused
__heap_base 00000000

Symbol: __heap_base
   Definitions
      At line 50 in file ..\startup_py32f030xx.s
   Uses
      None
Comment: __heap_base unused
__heap_limit 00000000

Symbol: __heap_limit
   Definitions
      At line 52 in file ..\startup_py32f030xx.s
   Uses
      None
Comment: __heap_limit unused
4 symbols



ARM Macro Assembler    Page 1 Alphabetic symbol ordering
Relocatable symbols

RESET 00000000

Symbol: RESET
   Definitions
      At line 60 in file ..\startup_py32f030xx.s
   Uses
      None
Comment: RESET unused
__Vectors 00000000

Symbol: __Vectors
   Definitions
      At line 65 in file ..\startup_py32f030xx.s
   Uses
      At line 61 in file ..\startup_py32f030xx.s
      At line 84 in file ..\startup_py32f030xx.s

__Vectors_End 00000040

Symbol: __Vectors_End
   Definitions
      At line 82 in file ..\startup_py32f030xx.s
   Uses
      At line 62 in file ..\startup_py32f030xx.s
      At line 84 in file ..\startup_py32f030xx.s

3 symbols



ARM Macro Assembler    Page 1 Alphabetic symbol ordering
Relocatable symbols

.text 00000000

Symbol: .text
   Definitions
      At line 86 in file ..\startup_py32f030xx.s
   Uses
      None
Comment: .text unused
HardFault_Handler 00000006

Symbol: HardFault_Handler
   Definitions
      At line 109 in file ..\startup_py32f030xx.s
   Uses
      At line 68 in file ..\startup_py32f030xx.s
      At line 110 in file ..\startup_py32f030xx.s

NMI_Handler 00000004

Symbol: NMI_Handler
   Definitions
      At line 104 in file ..\startup_py32f030xx.s
   Uses
      At line 67 in file ..\startup_py32f030xx.s
      At line 105 in file ..\startup_py32f030xx.s

PendSV_Handler 0000000A

Symbol: PendSV_Handler
   Definitions
      At line 117 in file ..\startup_py32f030xx.s
   Uses
      At line 79 in file ..\startup_py32f030xx.s
      At line 118 in file ..\startup_py32f030xx.s

Reset_Handler 00000000

Symbol: Reset_Handler
   Definitions
      At line 91 in file ..\startup_py32f030xx.s
   Uses
      At line 66 in file ..\startup_py32f030xx.s
      At line 92 in file ..\startup_py32f030xx.s

SVC_Handler 00000008

Symbol: SVC_Handler
   Definitions
      At line 113 in file ..\startup_py32f030xx.s
   Uses
      At line 76 in file ..\startup_py32f030xx.s
      At line 114 in file ..\startup_py32f030xx.s

SysTick_Handler 0000000C

Symbol: SysTick_Handler
   Definitions
      At line 121 in file ..\startup_py32f030xx.s
   Uses



ARM Macro Assembler    Page 2 Alphabetic symbol ordering
Relocatable symbols

      At line 80 in file ..\startup_py32f030xx.s
      At line 122 in file ..\startup_py32f030xx.s

7 symbols



ARM Macro Assembler    Page 1 Alphabetic symbol ordering
Absolute symbols

Heap_Size 00000000

Symbol: Heap_Size
   Definitions
      At line 47 in file ..\startup_py32f030xx.s
   Uses
      At line 51 in file ..\startup_py32f030xx.s
Comment: Heap_Size used once
Stack_Size 00000400

Symbol: Stack_Size
   Definitions
      At line 36 in file ..\startup_py32f030xx.s
   Uses
      At line 39 in file ..\startup_py32f030xx.s
Comment: Stack_Size used once
__Vectors_Size 00000040

Symbol: __Vectors_Size
   Definitions
      At line 84 in file ..\startup_py32f030xx.s
   Uses
      At line 63 in file ..\startup_py32f030xx.s
Comment: __Vectors_Size used once
3 symbols



ARM Macro Assembler    Page 1 Alphabetic symbol ordering
External symbols

main 00000000

Symbol: main
   Definitions
      At line 94 in file ..\startup_py32f030xx.s
   Uses
      At line 97 in file ..\startup_py32f030xx.s
Comment: main used once
1 symbol
354 symbols in table
